10/05 15:25:47|INFO|ManagerDetectMuwSFOG._make_tiles_branch: Creating new tiles branch:
10/05 15:25:47|INFO|ManagerDetectMuwSFOG._make_tiles_branch: Created new tiles branch at '/Users/marco/helical_datasets/muw_sfog/detection/tiles'.
10/05 15:25:47|INFO|ManagerDetectMuwSFOG._split_data: splitting WSIs: 
10/05 15:25:47|INFO|Splitter._move_files: trainset: ['201322507_09_SFOG.tif', '200701099_09_SFOG.tif', '201014448_09_SFOG.tif', '201324441_9_SFOG.tif', '200104066_09_SFOG.tif', '201216192_09_SFOG.tif', '201409661_09_SFOG.tif', '201113659_09_SFOG.tif', '200209761_09_SFOG.tif', '200813457_B_09_SFOG.tif', '201420222_09_SFOG.tif', '200720162_09_SFOG.tif']
10/05 15:25:47|INFO|Splitter._move_files: valset: ['200725057_09_SFOG.tif', '200813457_A_09_SFOG.tif', '201025745_09_SFOG.tif', '201325046_09_SFOG.tif', '201325292_9_SFOG.tif', '200809469_09_SFOG.tif', '201218916_09_SFOG.tif', '200811313_09_SFOG.tif', '201206802_09_SFOG.tif', '201404292_09_SFOG.tif', '200219757_09_SFOG.tif']
10/05 15:25:47|INFO|Splitter._move_files: testset: ['201424415_09_SFOG.tif', '201109298_09_SFOG.tif', '201413736_09_SFOG.tif', '201413789_09_SFOG.tif', '201423479_09_SFOG.tif', '200822954_09_SFOG.tif', '201414036_9_SFOG.tif', '201200745_09_SFOG.tif', '201404358_09_SFOG.tif', '201410900_09_SFOG.tif', '201007375_09_SFOG.tif']
10/05 15:25:47|INFO|ManagerDetectMuwSFOG._split_data: splitted WSIs with [0.34, 0.33, 0.33] ratio.
10/05 15:25:47|INFO|ManagerDetectMuwSFOG._move_slides_forth: Moving slides forth:
10/05 15:25:47|INFO|ManagerDetectMuwSFOG._move_slides_forth: Moved slides forth.
10/05 15:25:47|INFO|ManagerDetectMuwSFOG.tile_dataset: ⏳ Tiling dataset at '/Users/marco/helical_datasets/muw_sfog/detection/wsi':
10/05 15:25:47|INFO|ManagerDetectMuwSFOG.tile_dataset: Tiling 'train'
10/05 15:25:47|INFO|ManagerDetectMuwSFOG._tile_folder: ######################## CONVERTING ANNOTATIONS: ⏳    ########################
10/05 15:25:47|INFO|ConverterMuW._rename_all: renaiming all filenames to <basename>_<stain>.<ext>
10/05 15:25:47|INFO|ConverterMuW._rename_all: renamed all filenames to <basename>_<stain>.<ext>
10/05 15:25:47|INFO|ConverterMuW._remove_empty_pair: checking annotations:
10/05 15:25:47|WARNING|ConverterMuW._remove_empty_pair: annotations checked. Remaining files: 12.
10/05 15:25:47|INFO|First 5 files: ['/Users/marco/helical_datasets/muw_sfog/detection/wsi/train/labels/201113659_09_SFOG.gson', '/Users/marco/helical_datasets/muw_sfog/detection/wsi/train/labels/200104066_09_SFOG.gson', '/Users/marco/helical_datasets/muw_sfog/detection/wsi/train/labels/201409661_09_SFOG.gson', '/Users/marco/helical_datasets/muw_sfog/detection/wsi/train/labels/200813457_B_09_SFOG.gson', '/Users/marco/helical_datasets/muw_sfog/detection/wsi/train/labels/201216192_09_SFOG.gson']
10/05 15:25:47|INFO|ConverterMuW._convert_gson2txt Converter: ✅ WSi .json annotation converted to WSI .txt annotation. 
10/05 15:25:47|INFO| Writing /Users/marco/helical_datasets/muw_sfog/detection/wsi/train/labels/201113659_09_SFOG.txt
10/05 15:25:47|INFO|ConverterMuW._convert_json2txt Converter: ✅ WSi .json annotation converted to WSI .txt annotation. 
10/05 15:25:47|INFO|ConverterMuW._split_multisample_annotation: ✅ Splitted into ['_sample0.txt'].
10/05 15:25:47|INFO|ConverterMuW._convert_gson2txt Converter: ✅ WSi .json annotation converted to WSI .txt annotation. 
10/05 15:25:47|INFO| Writing /Users/marco/helical_datasets/muw_sfog/detection/wsi/train/labels/200104066_09_SFOG.txt
10/05 15:25:47|INFO|ConverterMuW._convert_json2txt Converter: ✅ WSi .json annotation converted to WSI .txt annotation. 
10/05 15:25:48|INFO|ConverterMuW._split_multisample_annotation: ✅ Splitted into ['_sample0.txt', '_sample1.txt'].
10/05 15:25:48|INFO|ConverterMuW._convert_gson2txt Converter: ✅ WSi .json annotation converted to WSI .txt annotation. 
10/05 15:25:48|INFO| Writing /Users/marco/helical_datasets/muw_sfog/detection/wsi/train/labels/201409661_09_SFOG.txt
10/05 15:25:48|INFO|ConverterMuW._convert_json2txt Converter: ✅ WSi .json annotation converted to WSI .txt annotation. 
10/05 15:25:48|INFO|ConverterMuW._split_multisample_annotation: ✅ Splitted into ['_sample0.txt', '_sample1.txt', '_sample3.txt', '_sample2.txt'].
10/05 15:25:48|INFO|ConverterMuW._convert_gson2txt Converter: ✅ WSi .json annotation converted to WSI .txt annotation. 
10/05 15:25:48|INFO| Writing /Users/marco/helical_datasets/muw_sfog/detection/wsi/train/labels/200813457_B_09_SFOG.txt
10/05 15:25:48|INFO|ConverterMuW._convert_json2txt Converter: ✅ WSi .json annotation converted to WSI .txt annotation. 
10/05 15:25:48|INFO|ConverterMuW._split_multisample_annotation: ✅ Splitted into ['_sample0.txt'].
10/05 15:25:48|INFO|ConverterMuW._convert_gson2txt Converter: ✅ WSi .json annotation converted to WSI .txt annotation. 
10/05 15:25:48|INFO| Writing /Users/marco/helical_datasets/muw_sfog/detection/wsi/train/labels/201216192_09_SFOG.txt
10/05 15:25:48|INFO|ConverterMuW._convert_json2txt Converter: ✅ WSi .json annotation converted to WSI .txt annotation. 
10/05 15:25:48|INFO|ConverterMuW._split_multisample_annotation: ✅ Splitted into ['_sample0.txt'].
10/05 15:25:48|INFO|ConverterMuW._convert_gson2txt Converter: ✅ WSi .json annotation converted to WSI .txt annotation. 
10/05 15:25:48|INFO| Writing /Users/marco/helical_datasets/muw_sfog/detection/wsi/train/labels/201420222_09_SFOG.txt
10/05 15:25:48|INFO|ConverterMuW._convert_json2txt Converter: ✅ WSi .json annotation converted to WSI .txt annotation. 
10/05 15:25:48|INFO|ConverterMuW._split_multisample_annotation: ✅ Splitted into ['_sample0.txt'].
10/05 15:25:48|INFO|ConverterMuW._convert_gson2txt Converter: ✅ WSi .json annotation converted to WSI .txt annotation. 
10/05 15:25:49|INFO| Writing /Users/marco/helical_datasets/muw_sfog/detection/wsi/train/labels/201014448_09_SFOG.txt
10/05 15:25:49|INFO|ConverterMuW._convert_json2txt Converter: ✅ WSi .json annotation converted to WSI .txt annotation. 
10/05 15:25:49|INFO|ConverterMuW._split_multisample_annotation: ✅ Splitted into ['_sample0.txt'].
10/05 15:25:49|INFO|ConverterMuW._convert_gson2txt Converter: ✅ WSi .json annotation converted to WSI .txt annotation. 
10/05 15:25:49|INFO| Writing /Users/marco/helical_datasets/muw_sfog/detection/wsi/train/labels/200209761_09_SFOG.txt
10/05 15:25:49|INFO|ConverterMuW._convert_json2txt Converter: ✅ WSi .json annotation converted to WSI .txt annotation. 
10/05 15:25:50|INFO|ConverterMuW._split_multisample_annotation: ✅ Splitted into ['_sample0.txt', '_sample1.txt', '_sample2.txt'].
10/05 15:25:50|INFO|ConverterMuW._convert_gson2txt Converter: ✅ WSi .json annotation converted to WSI .txt annotation. 
10/05 15:25:50|INFO| Writing /Users/marco/helical_datasets/muw_sfog/detection/wsi/train/labels/200720162_09_SFOG.txt
10/05 15:25:50|INFO|ConverterMuW._convert_json2txt Converter: ✅ WSi .json annotation converted to WSI .txt annotation. 
10/05 15:25:51|INFO|ConverterMuW._split_multisample_annotation: ✅ Splitted into ['_sample0.txt', '_sample1.txt'].
