10/03 19:33:57|INFO|ProcessorManager._make_tiles_branch: Creating new tiles branch at '/Users/marco/helical_tests/test_hubmap_segm_manager/detection/tiles'
10/03 19:33:57|INFO|ProcessorManager._split_data: ⏳ Splitting slides
10/03 19:33:57|INFO|Splitter._move_files: trainset: ['0486052bb.tif', 'b2dc8411c.tif']
10/03 19:33:57|INFO|Splitter._move_files: valset: ['8242609fa.tif']
10/03 19:33:57|INFO|Splitter._move_files: testset: []
10/03 19:33:57|INFO|ProcessorManager._split_data: ✅ Splitting slides
10/03 19:33:57|INFO|ProcessorManager._move_slides_forth: Moved slides forth.
10/03 19:33:57|INFO|ProcessorManager.tile_dataset: Tiling dataset at '/Users/marco/helical_tests/test_hubmap_segm_manager/detection/wsi'
10/03 19:33:57|INFO|ProcessorManager.tile_dataset: Tiling 'train'
10/03 19:33:57|INFO|ProcessorManager._tile_folder: ######################## TILING IMAGES: ⏳    ########################
10/03 19:33:57|INFO|TilerSegm.__call__: ⏳ START TILING IMAGES from folder:'/Users/marco/helical_tests/test_hubmap_segm_manager/detection/wsi/train/labels'. Results will be saved in '/Users/marco/helical_tests/test_hubmap_segm_manager/detection/tiles/train/images'.
10/03 19:33:57|INFO|TilerSegm._get_completed_files: Completed 0/2 files.
10/03 19:33:57|INFO|TilerSegm._remove_small_files: Removed 0 small files (< 500kB)
10/03 19:33:58|INFO|TilerSegm._get_tile_images: ⏳ Tiling image: '0486052bb.tif'
10/03 19:33:58|INFO|TilerSegm._get_tile_images: ⏳ Opening '0486052bb.tif':
10/03 19:33:58|INFO|TilerSegm._get_tile_images: ✅ Opening '0486052bb.tif':
10/03 19:33:58|INFO|SLIDE DIMENSIONSSS ARE:(34937, 25784)
10/03 19:33:58|INFO|TilerSegm._get_tile_images: ⏳ Reading slide with shape ((34937, 25784)):
10/03 19:34:15|INFO|TilerSegm._get_tile_images: ⏳ Converting to numpy:
10/03 19:34:17|INFO|TilerSegm._get_tile_images: ✅ Conversion to numpy.
10/03 19:34:17|INFO|TilerSegm._get_tile_images: ⏳ Patchifying:
10/03 19:34:17|INFO|TilerSegm._get_tile_images: ✅ Patchifying.
10/03 19:34:17|INFO|TilerSegm._get_tile_images: ⏳ Saving patches:
10/03 19:35:36|INFO|TilerSegm._get_tile_images: ✅ Saved patches in /Users/marco/helical_tests/test_hubmap_segm_manager/detection/tiles/train/images.
10/03 19:35:36|INFO|TilerSegm._get_tile_images: ✅ Tiling image: '0486052bb.tif'
10/03 19:35:36|INFO|returninnnnng (34937, 25784)
10/03 19:35:36|INFO|TilerSegm._get_tile_labels: ⏳ Tiling label: '0486052bb.json'
10/03 19:35:36|INFO|TilerSegm._get_tile_labels: Tiliing label '/Users/marco/helical_tests/test_hubmap_segm_manager/detection/wsi/train/labels/0486052bb.json'
10/03 19:35:36|INFO|TilerSegm._get_tile_labels: creating class_mask:
10/03 19:35:36|INFO| done with the masks
10/03 19:35:36|INFO|TilerSegm._get_tile_labels: patchifying class_mask:
10/03 19:35:36|INFO|TilerSegm._tile_class_mask: patches shape:(67, 49, 1024, 1024)
10/03 19:35:36|INFO|unique_values:[], type: <class 'list'>
10/03 19:35:36|ERROR|TilerSegm._get_tile_labels: ❌ Tiling label: '0486052bb.json'
10/03 19:35:37|INFO|TilerSegm._remove_small_files: Removed 604 small files (< 500kB)
10/03 19:35:37|INFO|TilerSegm._get_tile_images: ⏳ Tiling image: 'b2dc8411c.tif'
10/03 19:35:37|INFO|TilerSegm._get_tile_images: ⏳ Opening 'b2dc8411c.tif':
10/03 19:35:37|INFO|TilerSegm._get_tile_images: ✅ Opening 'b2dc8411c.tif':
10/03 19:35:37|INFO|SLIDE DIMENSIONSSS ARE:(31262, 14844)
10/03 19:35:37|INFO|TilerSegm._get_tile_images: ⏳ Reading slide with shape ((31262, 14844)):
